{"stats": {"errors": 2, "failures": 0, "passes": 0, "skipped": 0, "encoding": "UTF-8", "total": 2}, "results": [{"classname": "index_test:PrivateKeyTest", "name": "test_sign", "time": 0.00031113624572753906, "type": "error", "errtype": "builtins.TypeError", "message": "object() takes no parameters", "tb": "Traceback (most recent call last):\n  File \"/opt/conda/lib/python3.6/unittest/case.py\", line 59, in testPartExecutor\n    yield\n  File \"/opt/conda/lib/python3.6/unittest/case.py\", line 605, in run\n    testMethod()\n  File \"/home/adamjonas/signing-and-verification-jsong-programming-blockchain-demo/test/index_test.py\", line 22, in test_sign\n    pk = PrivateKey(randint(0, 2**256))\nTypeError: object() takes no parameters\n"}, {"classname": "index_test:S256Test", "name": "test_verify", "time": 0.00015354156494140625, "type": "error", "errtype": "builtins.TypeError", "message": "__init__() missing 2 required positional arguments: 'a' and 'b'", "tb": "Traceback (most recent call last):\n  File \"/opt/conda/lib/python3.6/unittest/case.py\", line 59, in testPartExecutor\n    yield\n  File \"/opt/conda/lib/python3.6/unittest/case.py\", line 605, in run\n    testMethod()\n  File \"/home/adamjonas/signing-and-verification-jsong-programming-blockchain-demo/test/index_test.py\", line 9, in test_verify\n    0x61de6d95231cd89026e286df3b6ae4a894a3378e393e93a0f45b666329a0ae34)\nTypeError: __init__() missing 2 required positional arguments: 'a' and 'b'\n"}]}